CRITICAL - 2021-11-27 11:24:24 --> Call to a member function links() on null
#0 C:\xampp\htdocs\restoran-ci4\ci4\system\View\View.php(214): include()
#1 C:\xampp\htdocs\restoran-ci4\ci4\system\View\View.php(217): CodeIgniter\View\View->CodeIgniter\View\{closure}()
#2 C:\xampp\htdocs\restoran-ci4\ci4\system\Common.php(1097): CodeIgniter\View\View->render('menu/cari', Array, true)
#3 C:\xampp\htdocs\restoran-ci4\ci4\app\Controllers\Admin\menu.php(44): view('menu/cari', Array)
#4 C:\xampp\htdocs\restoran-ci4\ci4\system\CodeIgniter.php(824): App\Controllers\Admin\menu->read()
#5 C:\xampp\htdocs\restoran-ci4\ci4\system\CodeIgniter.php(410): CodeIgniter\CodeIgniter->runController(Object(App\Controllers\Admin\menu))
#6 C:\xampp\htdocs\restoran-ci4\ci4\system\CodeIgniter.php(318): CodeIgniter\CodeIgniter->handleRequest(NULL, Object(Config\Cache), false)
#7 C:\xampp\htdocs\restoran-ci4\index.php(37): CodeIgniter\CodeIgniter->run()
#8 {main}
CRITICAL - 2021-11-27 11:50:58 --> CodeIgniter\Pager\Pager::makeLinks(): Argument #1 ($page) must be of type int, null given, called in C:\xampp\htdocs\restoran-ci4\ci4\app\Views\Menu\cari.php on line 63
#0 C:\xampp\htdocs\restoran-ci4\ci4\app\Views\Menu\cari.php(63): CodeIgniter\Pager\Pager->makeLinks(NULL, NULL, 2, 'bootstrap')
#1 C:\xampp\htdocs\restoran-ci4\ci4\system\View\View.php(214): include('C:\\xampp\\htdocs...')
#2 C:\xampp\htdocs\restoran-ci4\ci4\system\View\View.php(217): CodeIgniter\View\View->CodeIgniter\View\{closure}()
#3 C:\xampp\htdocs\restoran-ci4\ci4\system\Common.php(1097): CodeIgniter\View\View->render('menu/cari', Array, true)
#4 C:\xampp\htdocs\restoran-ci4\ci4\app\Controllers\Admin\menu.php(54): view('menu/cari', Array)
#5 C:\xampp\htdocs\restoran-ci4\ci4\system\CodeIgniter.php(824): App\Controllers\Admin\menu->read()
#6 C:\xampp\htdocs\restoran-ci4\ci4\system\CodeIgniter.php(410): CodeIgniter\CodeIgniter->runController(Object(App\Controllers\Admin\menu))
#7 C:\xampp\htdocs\restoran-ci4\ci4\system\CodeIgniter.php(318): CodeIgniter\CodeIgniter->handleRequest(NULL, Object(Config\Cache), false)
#8 C:\xampp\htdocs\restoran-ci4\index.php(37): CodeIgniter\CodeIgniter->run()
#9 {main}
CRITICAL - 2021-11-27 11:51:00 --> CodeIgniter\Pager\Pager::makeLinks(): Argument #1 ($page) must be of type int, null given, called in C:\xampp\htdocs\restoran-ci4\ci4\app\Views\Menu\cari.php on line 63
#0 C:\xampp\htdocs\restoran-ci4\ci4\app\Views\Menu\cari.php(63): CodeIgniter\Pager\Pager->makeLinks(NULL, NULL, 2, 'bootstrap')
#1 C:\xampp\htdocs\restoran-ci4\ci4\system\View\View.php(214): include('C:\\xampp\\htdocs...')
#2 C:\xampp\htdocs\restoran-ci4\ci4\system\View\View.php(217): CodeIgniter\View\View->CodeIgniter\View\{closure}()
#3 C:\xampp\htdocs\restoran-ci4\ci4\system\Common.php(1097): CodeIgniter\View\View->render('menu/cari', Array, true)
#4 C:\xampp\htdocs\restoran-ci4\ci4\app\Controllers\Admin\menu.php(54): view('menu/cari', Array)
#5 C:\xampp\htdocs\restoran-ci4\ci4\system\CodeIgniter.php(824): App\Controllers\Admin\menu->read()
#6 C:\xampp\htdocs\restoran-ci4\ci4\system\CodeIgniter.php(410): CodeIgniter\CodeIgniter->runController(Object(App\Controllers\Admin\menu))
#7 C:\xampp\htdocs\restoran-ci4\ci4\system\CodeIgniter.php(318): CodeIgniter\CodeIgniter->handleRequest(NULL, Object(Config\Cache), false)
#8 C:\xampp\htdocs\restoran-ci4\index.php(37): CodeIgniter\CodeIgniter->run()
#9 {main}
CRITICAL - 2021-11-27 11:51:38 --> bootstrap is not a valid Pager template.
#0 C:\xampp\htdocs\restoran-ci4\ci4\system\Pager\Pager.php(120): CodeIgniter\Pager\Exceptions\PagerException::forInvalidTemplate('bootstrap')
#1 C:\xampp\htdocs\restoran-ci4\ci4\system\Pager\Pager.php(110): CodeIgniter\Pager\Pager->displayLinks('default', 'bootstrap')
#2 C:\xampp\htdocs\restoran-ci4\ci4\app\Views\Menu\cari.php(63): CodeIgniter\Pager\Pager->makeLinks(1, 3, 2, 'bootstrap')
#3 C:\xampp\htdocs\restoran-ci4\ci4\system\View\View.php(214): include('C:\\xampp\\htdocs...')
#4 C:\xampp\htdocs\restoran-ci4\ci4\system\View\View.php(217): CodeIgniter\View\View->CodeIgniter\View\{closure}()
#5 C:\xampp\htdocs\restoran-ci4\ci4\system\Common.php(1097): CodeIgniter\View\View->render('menu/cari', Array, true)
#6 C:\xampp\htdocs\restoran-ci4\ci4\app\Controllers\Admin\menu.php(54): view('menu/cari', Array)
#7 C:\xampp\htdocs\restoran-ci4\ci4\system\CodeIgniter.php(824): App\Controllers\Admin\menu->read()
#8 C:\xampp\htdocs\restoran-ci4\ci4\system\CodeIgniter.php(410): CodeIgniter\CodeIgniter->runController(Object(App\Controllers\Admin\menu))
#9 C:\xampp\htdocs\restoran-ci4\ci4\system\CodeIgniter.php(318): CodeIgniter\CodeIgniter->handleRequest(NULL, Object(Config\Cache), false)
#10 C:\xampp\htdocs\restoran-ci4\index.php(37): CodeIgniter\CodeIgniter->run()
#11 {main}
CRITICAL - 2021-11-27 11:52:57 --> bootstrap is not a valid Pager template.
#0 C:\xampp\htdocs\restoran-ci4\ci4\system\Pager\Pager.php(120): CodeIgniter\Pager\Exceptions\PagerException::forInvalidTemplate('bootstrap')
#1 C:\xampp\htdocs\restoran-ci4\ci4\system\Pager\Pager.php(110): CodeIgniter\Pager\Pager->displayLinks('default', 'bootstrap')
#2 C:\xampp\htdocs\restoran-ci4\ci4\app\Views\Menu\cari.php(63): CodeIgniter\Pager\Pager->makeLinks(1, 3, 2, 'bootstrap')
#3 C:\xampp\htdocs\restoran-ci4\ci4\system\View\View.php(214): include('C:\\xampp\\htdocs...')
#4 C:\xampp\htdocs\restoran-ci4\ci4\system\View\View.php(217): CodeIgniter\View\View->CodeIgniter\View\{closure}()
#5 C:\xampp\htdocs\restoran-ci4\ci4\system\Common.php(1097): CodeIgniter\View\View->render('menu/cari', Array, true)
#6 C:\xampp\htdocs\restoran-ci4\ci4\app\Controllers\Admin\menu.php(54): view('menu/cari', Array)
#7 C:\xampp\htdocs\restoran-ci4\ci4\system\CodeIgniter.php(824): App\Controllers\Admin\menu->read()
#8 C:\xampp\htdocs\restoran-ci4\ci4\system\CodeIgniter.php(410): CodeIgniter\CodeIgniter->runController(Object(App\Controllers\Admin\menu))
#9 C:\xampp\htdocs\restoran-ci4\ci4\system\CodeIgniter.php(318): CodeIgniter\CodeIgniter->handleRequest(NULL, Object(Config\Cache), false)
#10 C:\xampp\htdocs\restoran-ci4\index.php(37): CodeIgniter\CodeIgniter->run()
#11 {main}
CRITICAL - 2021-11-27 11:52:58 --> bootstrap is not a valid Pager template.
#0 C:\xampp\htdocs\restoran-ci4\ci4\system\Pager\Pager.php(120): CodeIgniter\Pager\Exceptions\PagerException::forInvalidTemplate('bootstrap')
#1 C:\xampp\htdocs\restoran-ci4\ci4\system\Pager\Pager.php(110): CodeIgniter\Pager\Pager->displayLinks('default', 'bootstrap')
#2 C:\xampp\htdocs\restoran-ci4\ci4\app\Views\Menu\cari.php(63): CodeIgniter\Pager\Pager->makeLinks(1, 3, 2, 'bootstrap')
#3 C:\xampp\htdocs\restoran-ci4\ci4\system\View\View.php(214): include('C:\\xampp\\htdocs...')
#4 C:\xampp\htdocs\restoran-ci4\ci4\system\View\View.php(217): CodeIgniter\View\View->CodeIgniter\View\{closure}()
#5 C:\xampp\htdocs\restoran-ci4\ci4\system\Common.php(1097): CodeIgniter\View\View->render('menu/cari', Array, true)
#6 C:\xampp\htdocs\restoran-ci4\ci4\app\Controllers\Admin\menu.php(54): view('menu/cari', Array)
#7 C:\xampp\htdocs\restoran-ci4\ci4\system\CodeIgniter.php(824): App\Controllers\Admin\menu->read()
#8 C:\xampp\htdocs\restoran-ci4\ci4\system\CodeIgniter.php(410): CodeIgniter\CodeIgniter->runController(Object(App\Controllers\Admin\menu))
#9 C:\xampp\htdocs\restoran-ci4\ci4\system\CodeIgniter.php(318): CodeIgniter\CodeIgniter->handleRequest(NULL, Object(Config\Cache), false)
#10 C:\xampp\htdocs\restoran-ci4\index.php(37): CodeIgniter\CodeIgniter->run()
#11 {main}
CRITICAL - 2021-11-27 11:52:58 --> bootstrap is not a valid Pager template.
#0 C:\xampp\htdocs\restoran-ci4\ci4\system\Pager\Pager.php(120): CodeIgniter\Pager\Exceptions\PagerException::forInvalidTemplate('bootstrap')
#1 C:\xampp\htdocs\restoran-ci4\ci4\system\Pager\Pager.php(110): CodeIgniter\Pager\Pager->displayLinks('default', 'bootstrap')
#2 C:\xampp\htdocs\restoran-ci4\ci4\app\Views\Menu\cari.php(63): CodeIgniter\Pager\Pager->makeLinks(1, 3, 2, 'bootstrap')
#3 C:\xampp\htdocs\restoran-ci4\ci4\system\View\View.php(214): include('C:\\xampp\\htdocs...')
#4 C:\xampp\htdocs\restoran-ci4\ci4\system\View\View.php(217): CodeIgniter\View\View->CodeIgniter\View\{closure}()
#5 C:\xampp\htdocs\restoran-ci4\ci4\system\Common.php(1097): CodeIgniter\View\View->render('menu/cari', Array, true)
#6 C:\xampp\htdocs\restoran-ci4\ci4\app\Controllers\Admin\menu.php(54): view('menu/cari', Array)
#7 C:\xampp\htdocs\restoran-ci4\ci4\system\CodeIgniter.php(824): App\Controllers\Admin\menu->read()
#8 C:\xampp\htdocs\restoran-ci4\ci4\system\CodeIgniter.php(410): CodeIgniter\CodeIgniter->runController(Object(App\Controllers\Admin\menu))
#9 C:\xampp\htdocs\restoran-ci4\ci4\system\CodeIgniter.php(318): CodeIgniter\CodeIgniter->handleRequest(NULL, Object(Config\Cache), false)
#10 C:\xampp\htdocs\restoran-ci4\index.php(37): CodeIgniter\CodeIgniter->run()
#11 {main}
CRITICAL - 2021-11-27 11:52:58 --> bootstrap is not a valid Pager template.
#0 C:\xampp\htdocs\restoran-ci4\ci4\system\Pager\Pager.php(120): CodeIgniter\Pager\Exceptions\PagerException::forInvalidTemplate('bootstrap')
#1 C:\xampp\htdocs\restoran-ci4\ci4\system\Pager\Pager.php(110): CodeIgniter\Pager\Pager->displayLinks('default', 'bootstrap')
#2 C:\xampp\htdocs\restoran-ci4\ci4\app\Views\Menu\cari.php(63): CodeIgniter\Pager\Pager->makeLinks(1, 3, 2, 'bootstrap')
#3 C:\xampp\htdocs\restoran-ci4\ci4\system\View\View.php(214): include('C:\\xampp\\htdocs...')
#4 C:\xampp\htdocs\restoran-ci4\ci4\system\View\View.php(217): CodeIgniter\View\View->CodeIgniter\View\{closure}()
#5 C:\xampp\htdocs\restoran-ci4\ci4\system\Common.php(1097): CodeIgniter\View\View->render('menu/cari', Array, true)
#6 C:\xampp\htdocs\restoran-ci4\ci4\app\Controllers\Admin\menu.php(54): view('menu/cari', Array)
#7 C:\xampp\htdocs\restoran-ci4\ci4\system\CodeIgniter.php(824): App\Controllers\Admin\menu->read()
#8 C:\xampp\htdocs\restoran-ci4\ci4\system\CodeIgniter.php(410): CodeIgniter\CodeIgniter->runController(Object(App\Controllers\Admin\menu))
#9 C:\xampp\htdocs\restoran-ci4\ci4\system\CodeIgniter.php(318): CodeIgniter\CodeIgniter->handleRequest(NULL, Object(Config\Cache), false)
#10 C:\xampp\htdocs\restoran-ci4\index.php(37): CodeIgniter\CodeIgniter->run()
#11 {main}
CRITICAL - 2021-11-27 11:52:59 --> bootstrap is not a valid Pager template.
#0 C:\xampp\htdocs\restoran-ci4\ci4\system\Pager\Pager.php(120): CodeIgniter\Pager\Exceptions\PagerException::forInvalidTemplate('bootstrap')
#1 C:\xampp\htdocs\restoran-ci4\ci4\system\Pager\Pager.php(110): CodeIgniter\Pager\Pager->displayLinks('default', 'bootstrap')
#2 C:\xampp\htdocs\restoran-ci4\ci4\app\Views\Menu\cari.php(63): CodeIgniter\Pager\Pager->makeLinks(1, 3, 2, 'bootstrap')
#3 C:\xampp\htdocs\restoran-ci4\ci4\system\View\View.php(214): include('C:\\xampp\\htdocs...')
#4 C:\xampp\htdocs\restoran-ci4\ci4\system\View\View.php(217): CodeIgniter\View\View->CodeIgniter\View\{closure}()
#5 C:\xampp\htdocs\restoran-ci4\ci4\system\Common.php(1097): CodeIgniter\View\View->render('menu/cari', Array, true)
#6 C:\xampp\htdocs\restoran-ci4\ci4\app\Controllers\Admin\menu.php(54): view('menu/cari', Array)
#7 C:\xampp\htdocs\restoran-ci4\ci4\system\CodeIgniter.php(824): App\Controllers\Admin\menu->read()
#8 C:\xampp\htdocs\restoran-ci4\ci4\system\CodeIgniter.php(410): CodeIgniter\CodeIgniter->runController(Object(App\Controllers\Admin\menu))
#9 C:\xampp\htdocs\restoran-ci4\ci4\system\CodeIgniter.php(318): CodeIgniter\CodeIgniter->handleRequest(NULL, Object(Config\Cache), false)
#10 C:\xampp\htdocs\restoran-ci4\index.php(37): CodeIgniter\CodeIgniter->run()
#11 {main}
CRITICAL - 2021-11-27 11:53:00 --> bootstrap is not a valid Pager template.
#0 C:\xampp\htdocs\restoran-ci4\ci4\system\Pager\Pager.php(120): CodeIgniter\Pager\Exceptions\PagerException::forInvalidTemplate('bootstrap')
#1 C:\xampp\htdocs\restoran-ci4\ci4\system\Pager\Pager.php(110): CodeIgniter\Pager\Pager->displayLinks('default', 'bootstrap')
#2 C:\xampp\htdocs\restoran-ci4\ci4\app\Views\Menu\cari.php(63): CodeIgniter\Pager\Pager->makeLinks(1, 3, 2, 'bootstrap')
#3 C:\xampp\htdocs\restoran-ci4\ci4\system\View\View.php(214): include('C:\\xampp\\htdocs...')
#4 C:\xampp\htdocs\restoran-ci4\ci4\system\View\View.php(217): CodeIgniter\View\View->CodeIgniter\View\{closure}()
#5 C:\xampp\htdocs\restoran-ci4\ci4\system\Common.php(1097): CodeIgniter\View\View->render('menu/cari', Array, true)
#6 C:\xampp\htdocs\restoran-ci4\ci4\app\Controllers\Admin\menu.php(54): view('menu/cari', Array)
#7 C:\xampp\htdocs\restoran-ci4\ci4\system\CodeIgniter.php(824): App\Controllers\Admin\menu->read()
#8 C:\xampp\htdocs\restoran-ci4\ci4\system\CodeIgniter.php(410): CodeIgniter\CodeIgniter->runController(Object(App\Controllers\Admin\menu))
#9 C:\xampp\htdocs\restoran-ci4\ci4\system\CodeIgniter.php(318): CodeIgniter\CodeIgniter->handleRequest(NULL, Object(Config\Cache), false)
#10 C:\xampp\htdocs\restoran-ci4\index.php(37): CodeIgniter\CodeIgniter->run()
#11 {main}
CRITICAL - 2021-11-27 23:50:51 --> Call to a member function links() on null
#0 C:\xampp\htdocs\restoran-ci4\ci4\system\View\View.php(214): include()
#1 C:\xampp\htdocs\restoran-ci4\ci4\system\View\View.php(217): CodeIgniter\View\View->CodeIgniter\View\{closure}()
#2 C:\xampp\htdocs\restoran-ci4\ci4\system\Common.php(1097): CodeIgniter\View\View->render('menu/select', Array, true)
#3 C:\xampp\htdocs\restoran-ci4\ci4\app\Controllers\Admin\menu.php(27): view('menu/select', Array)
#4 C:\xampp\htdocs\restoran-ci4\ci4\system\CodeIgniter.php(824): App\Controllers\Admin\menu->index()
#5 C:\xampp\htdocs\restoran-ci4\ci4\system\CodeIgniter.php(410): CodeIgniter\CodeIgniter->runController(Object(App\Controllers\Admin\menu))
#6 C:\xampp\htdocs\restoran-ci4\ci4\system\CodeIgniter.php(318): CodeIgniter\CodeIgniter->handleRequest(NULL, Object(Config\Cache), false)
#7 C:\xampp\htdocs\restoran-ci4\index.php(37): CodeIgniter\CodeIgniter->run()
#8 {main}
CRITICAL - 2021-11-27 23:52:25 --> Call to a member function links() on null
#0 C:\xampp\htdocs\restoran-ci4\ci4\system\View\View.php(214): include()
#1 C:\xampp\htdocs\restoran-ci4\ci4\system\View\View.php(217): CodeIgniter\View\View->CodeIgniter\View\{closure}()
#2 C:\xampp\htdocs\restoran-ci4\ci4\system\Common.php(1097): CodeIgniter\View\View->render('menu/select', Array, true)
#3 C:\xampp\htdocs\restoran-ci4\ci4\app\Controllers\Admin\menu.php(27): view('menu/select', Array)
#4 C:\xampp\htdocs\restoran-ci4\ci4\system\CodeIgniter.php(824): App\Controllers\Admin\menu->index()
#5 C:\xampp\htdocs\restoran-ci4\ci4\system\CodeIgniter.php(410): CodeIgniter\CodeIgniter->runController(Object(App\Controllers\Admin\menu))
#6 C:\xampp\htdocs\restoran-ci4\ci4\system\CodeIgniter.php(318): CodeIgniter\CodeIgniter->handleRequest(NULL, Object(Config\Cache), false)
#7 C:\xampp\htdocs\restoran-ci4\index.php(37): CodeIgniter\CodeIgniter->run()
#8 {main}
