CRITICAL - 2021-11-21 21:51:28 --> Undefined variable $judul
#0 C:\xampp\htdocs\restoran-ci4\ci4\app\Views\kategori\select.php(6): CodeIgniter\Debug\Exceptions->errorHandler(2, 'Undefined varia...', 'C:\\xampp\\htdocs...', 6)
#1 C:\xampp\htdocs\restoran-ci4\ci4\system\View\View.php(214): include('C:\\xampp\\htdocs...')
#2 C:\xampp\htdocs\restoran-ci4\ci4\system\View\View.php(217): CodeIgniter\View\View->CodeIgniter\View\{closure}()
#3 C:\xampp\htdocs\restoran-ci4\ci4\system\Common.php(1097): CodeIgniter\View\View->render('kategori/select', Array, true)
#4 C:\xampp\htdocs\restoran-ci4\ci4\app\Controllers\Admin\kategori.php(18): view('kategori/select')
#5 C:\xampp\htdocs\restoran-ci4\ci4\system\CodeIgniter.php(824): App\Controllers\Admin\kategori->select()
#6 C:\xampp\htdocs\restoran-ci4\ci4\system\CodeIgniter.php(410): CodeIgniter\CodeIgniter->runController(Object(App\Controllers\Admin\kategori))
#7 C:\xampp\htdocs\restoran-ci4\ci4\system\CodeIgniter.php(318): CodeIgniter\CodeIgniter->handleRequest(NULL, Object(Config\Cache), false)
#8 C:\xampp\htdocs\restoran-ci4\index.php(37): CodeIgniter\CodeIgniter->run()
#9 {main}
CRITICAL - 2021-11-21 21:52:44 --> Undefined variable $judul
#0 C:\xampp\htdocs\restoran-ci4\ci4\app\Views\kategori\select.php(8): CodeIgniter\Debug\Exceptions->errorHandler(2, 'Undefined varia...', 'C:\\xampp\\htdocs...', 8)
#1 C:\xampp\htdocs\restoran-ci4\ci4\system\View\View.php(214): include('C:\\xampp\\htdocs...')
#2 C:\xampp\htdocs\restoran-ci4\ci4\system\View\View.php(217): CodeIgniter\View\View->CodeIgniter\View\{closure}()
#3 C:\xampp\htdocs\restoran-ci4\ci4\system\Common.php(1097): CodeIgniter\View\View->render('kategori/select', Array, true)
#4 C:\xampp\htdocs\restoran-ci4\ci4\app\Controllers\Admin\kategori.php(18): view('kategori/select')
#5 C:\xampp\htdocs\restoran-ci4\ci4\system\CodeIgniter.php(824): App\Controllers\Admin\kategori->select()
#6 C:\xampp\htdocs\restoran-ci4\ci4\system\CodeIgniter.php(410): CodeIgniter\CodeIgniter->runController(Object(App\Controllers\Admin\kategori))
#7 C:\xampp\htdocs\restoran-ci4\ci4\system\CodeIgniter.php(318): CodeIgniter\CodeIgniter->handleRequest(NULL, Object(Config\Cache), false)
#8 C:\xampp\htdocs\restoran-ci4\index.php(37): CodeIgniter\CodeIgniter->run()
#9 {main}
