CRITICAL - 2021-11-25 06:29:41 --> Cannot access offset of type string on string
#0 C:\xampp\htdocs\restoran-ci4\ci4\system\View\View.php(214): include()
#1 C:\xampp\htdocs\restoran-ci4\ci4\system\View\View.php(217): CodeIgniter\View\View->CodeIgniter\View\{closure}()
#2 C:\xampp\htdocs\restoran-ci4\ci4\system\Common.php(1097): CodeIgniter\View\View->render('kategori/select', Array, true)
#3 C:\xampp\htdocs\restoran-ci4\ci4\app\Controllers\Admin\kategori.php(71): view('kategori/select', Array)
#4 C:\xampp\htdocs\restoran-ci4\ci4\system\CodeIgniter.php(824): App\Controllers\Admin\kategori->find('40')
#5 C:\xampp\htdocs\restoran-ci4\ci4\system\CodeIgniter.php(410): CodeIgniter\CodeIgniter->runController(Object(App\Controllers\Admin\kategori))
#6 C:\xampp\htdocs\restoran-ci4\ci4\system\CodeIgniter.php(318): CodeIgniter\CodeIgniter->handleRequest(NULL, Object(Config\Cache), false)
#7 C:\xampp\htdocs\restoran-ci4\index.php(37): CodeIgniter\CodeIgniter->run()
#8 {main}
CRITICAL - 2021-11-25 10:09:27 --> Call to undefined function App\Controllers\Admin\remove()
#0 C:\xampp\htdocs\restoran-ci4\ci4\system\CodeIgniter.php(824): App\Controllers\Admin\User->delete()
#1 C:\xampp\htdocs\restoran-ci4\ci4\system\CodeIgniter.php(410): CodeIgniter\CodeIgniter->runController(Object(App\Controllers\Admin\User))
#2 C:\xampp\htdocs\restoran-ci4\ci4\system\CodeIgniter.php(318): CodeIgniter\CodeIgniter->handleRequest(NULL, Object(Config\Cache), false)
#3 C:\xampp\htdocs\restoran-ci4\index.php(37): CodeIgniter\CodeIgniter->run()
#4 {main}
CRITICAL - 2021-11-25 11:23:37 --> There is no data to insert.
#0 C:\xampp\htdocs\restoran-ci4\ci4\system\BaseModel.php(1574): CodeIgniter\Database\Exceptions\DataException::forEmptyDataset('insert')
#1 C:\xampp\htdocs\restoran-ci4\ci4\system\BaseModel.php(704): CodeIgniter\BaseModel->transformDataToArray(Array, 'insert')
#2 C:\xampp\htdocs\restoran-ci4\ci4\system\Model.php(620): CodeIgniter\BaseModel->insert(Array, true)
#3 C:\xampp\htdocs\restoran-ci4\ci4\app\Controllers\Admin\kategori.php(50): CodeIgniter\Model->insert(Array)
#4 C:\xampp\htdocs\restoran-ci4\ci4\system\CodeIgniter.php(824): App\Controllers\Admin\kategori->insert()
#5 C:\xampp\htdocs\restoran-ci4\ci4\system\CodeIgniter.php(410): CodeIgniter\CodeIgniter->runController(Object(App\Controllers\Admin\kategori))
#6 C:\xampp\htdocs\restoran-ci4\ci4\system\CodeIgniter.php(318): CodeIgniter\CodeIgniter->handleRequest(NULL, Object(Config\Cache), false)
#7 C:\xampp\htdocs\restoran-ci4\index.php(37): CodeIgniter\CodeIgniter->run()
#8 {main}
ERROR - 2021-11-25 11:24:56 --> Unknown column 'tblkategori' in 'where clause'
CRITICAL - 2021-11-25 11:24:56 --> Unknown column 'tblkategori' in 'where clause'
#0 C:\xampp\htdocs\restoran-ci4\ci4\system\Database\MySQLi\Connection.php(292): mysqli->query('SELECT 1\nFROM `...', 0)
#1 C:\xampp\htdocs\restoran-ci4\ci4\system\Database\BaseConnection.php(670): CodeIgniter\Database\MySQLi\Connection->execute('SELECT 1\nFROM `...')
#2 C:\xampp\htdocs\restoran-ci4\ci4\system\Database\BaseConnection.php(598): CodeIgniter\Database\BaseConnection->simpleQuery('SELECT 1\nFROM `...')
#3 C:\xampp\htdocs\restoran-ci4\ci4\system\Database\BaseBuilder.php(1443): CodeIgniter\Database\BaseConnection->query('SELECT 1\nFROM `...', Array, false)
#4 C:\xampp\htdocs\restoran-ci4\ci4\system\Validation\Rules.php(161): CodeIgniter\Database\BaseBuilder->get()
#5 C:\xampp\htdocs\restoran-ci4\ci4\system\Validation\Validation.php(277): CodeIgniter\Validation\Rules->is_unique('kategori', 'tblkategori', Array, NULL)
#6 C:\xampp\htdocs\restoran-ci4\ci4\system\Validation\Validation.php(151): CodeIgniter\Validation\Validation->processRules('kategori', 'kategori', 'kategori', Array, Array)
#7 C:\xampp\htdocs\restoran-ci4\ci4\system\BaseModel.php(1347): CodeIgniter\Validation\Validation->run(Array, NULL, NULL)
#8 C:\xampp\htdocs\restoran-ci4\ci4\system\BaseModel.php(707): CodeIgniter\BaseModel->validate(Array)
#9 C:\xampp\htdocs\restoran-ci4\ci4\system\Model.php(620): CodeIgniter\BaseModel->insert(Array, true)
#10 C:\xampp\htdocs\restoran-ci4\ci4\app\Controllers\Admin\kategori.php(50): CodeIgniter\Model->insert(Array)
#11 C:\xampp\htdocs\restoran-ci4\ci4\system\CodeIgniter.php(824): App\Controllers\Admin\kategori->insert()
#12 C:\xampp\htdocs\restoran-ci4\ci4\system\CodeIgniter.php(410): CodeIgniter\CodeIgniter->runController(Object(App\Controllers\Admin\kategori))
#13 C:\xampp\htdocs\restoran-ci4\ci4\system\CodeIgniter.php(318): CodeIgniter\CodeIgniter->handleRequest(NULL, Object(Config\Cache), false)
#14 C:\xampp\htdocs\restoran-ci4\index.php(37): CodeIgniter\CodeIgniter->run()
#15 {main}
CRITICAL - 2021-11-25 11:26:13 --> There is no data to insert.
#0 C:\xampp\htdocs\restoran-ci4\ci4\system\BaseModel.php(1574): CodeIgniter\Database\Exceptions\DataException::forEmptyDataset('insert')
#1 C:\xampp\htdocs\restoran-ci4\ci4\system\BaseModel.php(704): CodeIgniter\BaseModel->transformDataToArray(Array, 'insert')
#2 C:\xampp\htdocs\restoran-ci4\ci4\system\Model.php(620): CodeIgniter\BaseModel->insert(Array, true)
#3 C:\xampp\htdocs\restoran-ci4\ci4\app\Controllers\Admin\kategori.php(50): CodeIgniter\Model->insert(Array)
#4 C:\xampp\htdocs\restoran-ci4\ci4\system\CodeIgniter.php(824): App\Controllers\Admin\kategori->insert()
#5 C:\xampp\htdocs\restoran-ci4\ci4\system\CodeIgniter.php(410): CodeIgniter\CodeIgniter->runController(Object(App\Controllers\Admin\kategori))
#6 C:\xampp\htdocs\restoran-ci4\ci4\system\CodeIgniter.php(318): CodeIgniter\CodeIgniter->handleRequest(NULL, Object(Config\Cache), false)
#7 C:\xampp\htdocs\restoran-ci4\index.php(37): CodeIgniter\CodeIgniter->run()
#8 {main}
ERROR - 2021-11-25 11:26:46 --> Unknown column 'tblkategori' in 'where clause'
CRITICAL - 2021-11-25 11:26:46 --> Unknown column 'tblkategori' in 'where clause'
#0 C:\xampp\htdocs\restoran-ci4\ci4\system\Database\MySQLi\Connection.php(292): mysqli->query('SELECT 1\nFROM `...', 0)
#1 C:\xampp\htdocs\restoran-ci4\ci4\system\Database\BaseConnection.php(670): CodeIgniter\Database\MySQLi\Connection->execute('SELECT 1\nFROM `...')
#2 C:\xampp\htdocs\restoran-ci4\ci4\system\Database\BaseConnection.php(598): CodeIgniter\Database\BaseConnection->simpleQuery('SELECT 1\nFROM `...')
#3 C:\xampp\htdocs\restoran-ci4\ci4\system\Database\BaseBuilder.php(1443): CodeIgniter\Database\BaseConnection->query('SELECT 1\nFROM `...', Array, false)
#4 C:\xampp\htdocs\restoran-ci4\ci4\system\Validation\Rules.php(161): CodeIgniter\Database\BaseBuilder->get()
#5 C:\xampp\htdocs\restoran-ci4\ci4\system\Validation\Validation.php(277): CodeIgniter\Validation\Rules->is_unique('kategori', 'tblkategori', Array, NULL)
#6 C:\xampp\htdocs\restoran-ci4\ci4\system\Validation\Validation.php(151): CodeIgniter\Validation\Validation->processRules('kategori', 'kategori', 'kategori', Array, Array)
#7 C:\xampp\htdocs\restoran-ci4\ci4\system\BaseModel.php(1347): CodeIgniter\Validation\Validation->run(Array, NULL, NULL)
#8 C:\xampp\htdocs\restoran-ci4\ci4\system\BaseModel.php(707): CodeIgniter\BaseModel->validate(Array)
#9 C:\xampp\htdocs\restoran-ci4\ci4\system\Model.php(620): CodeIgniter\BaseModel->insert(Array, true)
#10 C:\xampp\htdocs\restoran-ci4\ci4\app\Controllers\Admin\kategori.php(50): CodeIgniter\Model->insert(Array)
#11 C:\xampp\htdocs\restoran-ci4\ci4\system\CodeIgniter.php(824): App\Controllers\Admin\kategori->insert()
#12 C:\xampp\htdocs\restoran-ci4\ci4\system\CodeIgniter.php(410): CodeIgniter\CodeIgniter->runController(Object(App\Controllers\Admin\kategori))
#13 C:\xampp\htdocs\restoran-ci4\ci4\system\CodeIgniter.php(318): CodeIgniter\CodeIgniter->handleRequest(NULL, Object(Config\Cache), false)
#14 C:\xampp\htdocs\restoran-ci4\index.php(37): CodeIgniter\CodeIgniter->run()
#15 {main}
